[2026-01-11 19:43:38] local.ERROR: Class "App\Http\Controllers\MyFatoorahController" does not exist {"exception":"[object] (ReflectionException(code: -1): Class \"App\\Http\\Controllers\\MyFatoorahController\" does not exist at D:/mohmed mokhtar/ta-web/vendor/laravel/framework/src/Illuminate/Foundation/Console/RouteListCommand.php:225)
[stacktrace]
#0 D:/mohmed mokhtar/ta-web/vendor/laravel/framework/src/Illuminate/Foundation/Console/RouteListCommand.php(225): ReflectionClass->__construct('App//Http//Contro...')
#1 D:/mohmed mokhtar/ta-web/vendor/laravel/framework/src/Illuminate/Foundation/Console/RouteListCommand.php(147): Illuminate/Foundation/Console/RouteListCommand->isVendorRoute(Object(Illuminate/Routing/Route))
#2 D:/mohmed mokhtar/ta-web/vendor/laravel/framework/src/Illuminate/Foundation/Console/RouteListCommand.php(116): Illuminate/Foundation/Console/RouteListCommand->getRouteInformation(Object(Illuminate/Routing/Route))
#3 [internal function]: Illuminate/Foundation/Console/RouteListCommand->Illuminate/Foundation/Console/{closure}(Object(Illuminate/Routing/Route), 0)
#4 D:/mohmed mokhtar/ta-web/vendor/laravel/framework/src/Illuminate/Collections/Arr.php(600): array_map(Object(Closure), Array, Array)
#5 D:/mohmed mokhtar/ta-web/vendor/laravel/framework/src/Illuminate/Collections/Collection.php(778): Illuminate/Support/Arr::map(Array, Object(Closure))
#6 D:/mohmed mokhtar/ta-web/vendor/laravel/framework/src/Illuminate/Foundation/Console/RouteListCommand.php(115): Illuminate/Support/Collection->map(Object(Closure))
#7 D:/mohmed mokhtar/ta-web/vendor/laravel/framework/src/Illuminate/Foundation/Console/RouteListCommand.php(101): Illuminate/Foundation/Console/RouteListCommand->getRoutes()
#8 D:/mohmed mokhtar/ta-web/vendor/laravel/framework/src/Illuminate/Container/BoundMethod.php(36): Illuminate/Foundation/Console/RouteListCommand->handle()
#9 D:/mohmed mokhtar/ta-web/vendor/laravel/framework/src/Illuminate/Container/Util.php(41): Illuminate/Container/BoundMethod::Illuminate/Container/{closure}()
#10 D:/mohmed mokhtar/ta-web/vendor/laravel/framework/src/Illuminate/Container/BoundMethod.php(93): Illuminate/Container/Util::unwrapIfClosure(Object(Closure))
#11 D:/mohmed mokhtar/ta-web/vendor/laravel/framework/src/Illuminate/Container/BoundMethod.php(35): Illuminate/Container/BoundMethod::callBoundMethod(Object(Illuminate/Foundation/Application), Array, Object(Closure))
#12 D:/mohmed mokhtar/ta-web/vendor/laravel/framework/src/Illuminate/Container/Container.php(662): Illuminate/Container/BoundMethod::call(Object(Illuminate/Foundation/Application), Array, Array, NULL)
#13 D:/mohmed mokhtar/ta-web/vendor/laravel/framework/src/Illuminate/Console/Command.php(211): Illuminate/Container/Container->call(Array)
#14 D:/mohmed mokhtar/ta-web/vendor/symfony/console/Command/Command.php(326): Illuminate/Console/Command->execute(Object(Symfony/Component/Console/Input/ArgvInput), Object(Illuminate/Console/OutputStyle))
#15 D:/mohmed mokhtar/ta-web/vendor/laravel/framework/src/Illuminate/Console/Command.php(180): Symfony/Component/Console/Command/Command->run(Object(Symfony/Component/Console/Input/ArgvInput), Object(Illuminate/Console/OutputStyle))
#16 D:/mohmed mokhtar/ta-web/vendor/symfony/console/Application.php(1106): Illuminate/Console/Command->run(Object(Symfony/Component/Console/Input/ArgvInput), Object(Symfony/Component/Console/Output/ConsoleOutput))
#17 D:/mohmed mokhtar/ta-web/vendor/symfony/console/Application.php(324): Symfony/Component/Console/Application->doRunCommand(Object(Illuminate/Foundation/Console/RouteListCommand), Object(Symfony/Component/Console/Input/ArgvInput), Object(Symfony/Component/Console/Output/ConsoleOutput))
#18 D:/mohmed mokhtar/ta-web/vendor/symfony/console/Application.php(175): Symfony/Component/Console/Application->doRun(Object(Symfony/Component/Console/Input/ArgvInput), Object(Symfony/Component/Console/Output/ConsoleOutput))
#19 D:/mohmed mokhtar/ta-web/vendor/laravel/framework/src/Illuminate/Foundation/Console/Kernel.php(201): Symfony/Component/Console/Application->run(Object(Symfony/Component/Console/Input/ArgvInput), Object(Symfony/Component/Console/Output/ConsoleOutput))
#20 D:/mohmed mokhtar/ta-web/artisan(35): Illuminate/Foundation/Console/Kernel->handle(Object(Symfony/Component/Console/Input/ArgvInput), Object(Symfony/Component/Console/Output/ConsoleOutput))
#21 {main}
"} 
[2026-01-11 19:43:39] local.ERROR: Cannot declare class App\Models\FrequentlyBoughtProduct, because the name is already in use {"exception":"[object] (Symfony\\Component\\ErrorHandler\\Error\\FatalError(code: 0): Cannot declare class App\\Models\\FrequentlyBoughtProduct, because the name is already in use at D:/mohmed mokhtar/ta-web/app/Models/FrequentlyBroughtProduct.php:9)
[stacktrace]
#0 {main}
"} 
[2026-01-11 19:44:00] local.ERROR: The "--columns" option does not exist. {"exception":"[object] (Symfony\\Component\\Console\\Exception\\RuntimeException(code: 0): The \"--columns\" option does not exist. at D:/mohmed mokhtar/ta-web/vendor/symfony/console/Input/ArgvInput.php:223)
[stacktrace]
#0 D:/mohmed mokhtar/ta-web/vendor/symfony/console/Input/ArgvInput.php(150): Symfony/Component/Console/Input/ArgvInput->addLongOption('columns', 'uri,name,action...')
#1 D:/mohmed mokhtar/ta-web/vendor/symfony/console/Input/ArgvInput.php(85): Symfony/Component/Console/Input/ArgvInput->parseLongOption('--columns=uri,n...')
#2 D:/mohmed mokhtar/ta-web/vendor/symfony/console/Input/ArgvInput.php(74): Symfony/Component/Console/Input/ArgvInput->parseToken('--columns=uri,n...', true)
#3 D:/mohmed mokhtar/ta-web/vendor/symfony/console/Input/Input.php(56): Symfony/Component/Console/Input/ArgvInput->parse()
#4 D:/mohmed mokhtar/ta-web/vendor/symfony/console/Command/Command.php(285): Symfony/Component/Console/Input/Input->bind(Object(Symfony/Component/Console/Input/InputDefinition))
#5 D:/mohmed mokhtar/ta-web/vendor/laravel/framework/src/Illuminate/Console/Command.php(180): Symfony/Component/Console/Command/Command->run(Object(Symfony/Component/Console/Input/ArgvInput), Object(Illuminate/Console/OutputStyle))
#6 D:/mohmed mokhtar/ta-web/vendor/symfony/console/Application.php(1106): Illuminate/Console/Command->run(Object(Symfony/Component/Console/Input/ArgvInput), Object(Symfony/Component/Console/Output/ConsoleOutput))
#7 D:/mohmed mokhtar/ta-web/vendor/symfony/console/Application.php(324): Symfony/Component/Console/Application->doRunCommand(Object(Illuminate/Foundation/Console/RouteListCommand), Object(Symfony/Component/Console/Input/ArgvInput), Object(Symfony/Component/Console/Output/ConsoleOutput))
#8 D:/mohmed mokhtar/ta-web/vendor/symfony/console/Application.php(175): Symfony/Component/Console/Application->doRun(Object(Symfony/Component/Console/Input/ArgvInput), Object(Symfony/Component/Console/Output/ConsoleOutput))
#9 D:/mohmed mokhtar/ta-web/vendor/laravel/framework/src/Illuminate/Foundation/Console/Kernel.php(201): Symfony/Component/Console/Application->run(Object(Symfony/Component/Console/Input/ArgvInput), Object(Symfony/Component/Console/Output/ConsoleOutput))
#10 D:/mohmed mokhtar/ta-web/artisan(35): Illuminate/Foundation/Console/Kernel->handle(Object(Symfony/Component/Console/Input/ArgvInput), Object(Symfony/Component/Console/Output/ConsoleOutput))
#11 {main}
"} 
[2026-01-11 19:44:11] local.ERROR: The "--columns" option does not exist. {"exception":"[object] (Symfony\\Component\\Console\\Exception\\RuntimeException(code: 0): The \"--columns\" option does not exist. at D:/mohmed mokhtar/ta-web/vendor/symfony/console/Input/ArgvInput.php:223)
[stacktrace]
#0 D:/mohmed mokhtar/ta-web/vendor/symfony/console/Input/ArgvInput.php(150): Symfony/Component/Console/Input/ArgvInput->addLongOption('columns', 'uri,name,action...')
#1 D:/mohmed mokhtar/ta-web/vendor/symfony/console/Input/ArgvInput.php(85): Symfony/Component/Console/Input/ArgvInput->parseLongOption('--columns=uri,n...')
#2 D:/mohmed mokhtar/ta-web/vendor/symfony/console/Input/ArgvInput.php(74): Symfony/Component/Console/Input/ArgvInput->parseToken('--columns=uri,n...', true)
#3 D:/mohmed mokhtar/ta-web/vendor/symfony/console/Input/Input.php(56): Symfony/Component/Console/Input/ArgvInput->parse()
#4 D:/mohmed mokhtar/ta-web/vendor/symfony/console/Command/Command.php(285): Symfony/Component/Console/Input/Input->bind(Object(Symfony/Component/Console/Input/InputDefinition))
#5 D:/mohmed mokhtar/ta-web/vendor/laravel/framework/src/Illuminate/Console/Command.php(180): Symfony/Component/Console/Command/Command->run(Object(Symfony/Component/Console/Input/ArgvInput), Object(Illuminate/Console/OutputStyle))
#6 D:/mohmed mokhtar/ta-web/vendor/symfony/console/Application.php(1106): Illuminate/Console/Command->run(Object(Symfony/Component/Console/Input/ArgvInput), Object(Symfony/Component/Console/Output/ConsoleOutput))
#7 D:/mohmed mokhtar/ta-web/vendor/symfony/console/Application.php(324): Symfony/Component/Console/Application->doRunCommand(Object(Illuminate/Foundation/Console/RouteListCommand), Object(Symfony/Component/Console/Input/ArgvInput), Object(Symfony/Component/Console/Output/ConsoleOutput))
#8 D:/mohmed mokhtar/ta-web/vendor/symfony/console/Application.php(175): Symfony/Component/Console/Application->doRun(Object(Symfony/Component/Console/Input/ArgvInput), Object(Symfony/Component/Console/Output/ConsoleOutput))
#9 D:/mohmed mokhtar/ta-web/vendor/laravel/framework/src/Illuminate/Foundation/Console/Kernel.php(201): Symfony/Component/Console/Application->run(Object(Symfony/Component/Console/Input/ArgvInput), Object(Symfony/Component/Console/Output/ConsoleOutput))
#10 D:/mohmed mokhtar/ta-web/artisan(35): Illuminate/Foundation/Console/Kernel->handle(Object(Symfony/Component/Console/Input/ArgvInput), Object(Symfony/Component/Console/Output/ConsoleOutput))
#11 {main}
"} 
[2026-01-11 19:44:23] local.ERROR: The "--columns" option does not exist. {"exception":"[object] (Symfony\\Component\\Console\\Exception\\RuntimeException(code: 0): The \"--columns\" option does not exist. at D:/mohmed mokhtar/ta-web/vendor/symfony/console/Input/ArgvInput.php:223)
[stacktrace]
#0 D:/mohmed mokhtar/ta-web/vendor/symfony/console/Input/ArgvInput.php(150): Symfony/Component/Console/Input/ArgvInput->addLongOption('columns', 'uri,name,action...')
#1 D:/mohmed mokhtar/ta-web/vendor/symfony/console/Input/ArgvInput.php(85): Symfony/Component/Console/Input/ArgvInput->parseLongOption('--columns=uri,n...')
#2 D:/mohmed mokhtar/ta-web/vendor/symfony/console/Input/ArgvInput.php(74): Symfony/Component/Console/Input/ArgvInput->parseToken('--columns=uri,n...', true)
#3 D:/mohmed mokhtar/ta-web/vendor/symfony/console/Input/Input.php(56): Symfony/Component/Console/Input/ArgvInput->parse()
#4 D:/mohmed mokhtar/ta-web/vendor/symfony/console/Command/Command.php(285): Symfony/Component/Console/Input/Input->bind(Object(Symfony/Component/Console/Input/InputDefinition))
#5 D:/mohmed mokhtar/ta-web/vendor/laravel/framework/src/Illuminate/Console/Command.php(180): Symfony/Component/Console/Command/Command->run(Object(Symfony/Component/Console/Input/ArgvInput), Object(Illuminate/Console/OutputStyle))
#6 D:/mohmed mokhtar/ta-web/vendor/symfony/console/Application.php(1106): Illuminate/Console/Command->run(Object(Symfony/Component/Console/Input/ArgvInput), Object(Symfony/Component/Console/Output/ConsoleOutput))
#7 D:/mohmed mokhtar/ta-web/vendor/symfony/console/Application.php(324): Symfony/Component/Console/Application->doRunCommand(Object(Illuminate/Foundation/Console/RouteListCommand), Object(Symfony/Component/Console/Input/ArgvInput), Object(Symfony/Component/Console/Output/ConsoleOutput))
#8 D:/mohmed mokhtar/ta-web/vendor/symfony/console/Application.php(175): Symfony/Component/Console/Application->doRun(Object(Symfony/Component/Console/Input/ArgvInput), Object(Symfony/Component/Console/Output/ConsoleOutput))
#9 D:/mohmed mokhtar/ta-web/vendor/laravel/framework/src/Illuminate/Foundation/Console/Kernel.php(201): Symfony/Component/Console/Application->run(Object(Symfony/Component/Console/Input/ArgvInput), Object(Symfony/Component/Console/Output/ConsoleOutput))
#10 D:/mohmed mokhtar/ta-web/artisan(35): Illuminate/Foundation/Console/Kernel->handle(Object(Symfony/Component/Console/Input/ArgvInput), Object(Symfony/Component/Console/Output/ConsoleOutput))
#11 {main}
"} 
[2026-01-11 19:51:49] local.ERROR: Too few arguments to function Laravel\Socialite\Socialite::fake(), 0 passed in D:\mohmed mokhtar\ta-web\vendor\barryvdh\laravel-ide-helper\src\Alias.php on line 221 and at least 1 expected {"exception":"[object] (ArgumentCountError(code: 0): Too few arguments to function Laravel\\Socialite\\Socialite::fake(), 0 passed in D:\\mohmed mokhtar\\ta-web\\vendor\\barryvdh\\laravel-ide-helper\\src\\Alias.php on line 221 and at least 1 expected at D:/mohmed mokhtar/ta-web/vendor/laravel/socialite/src/Socialite.php:39)
[stacktrace]
#0 D:/mohmed mokhtar/ta-web/vendor/barryvdh/laravel-ide-helper/src/Alias.php(221): Laravel/Socialite/Socialite::fake()
#1 D:/mohmed mokhtar/ta-web/vendor/barryvdh/laravel-ide-helper/src/Alias.php(77): Barryvdh/LaravelIdeHelper/Alias->detectFake()
#2 D:/mohmed mokhtar/ta-web/vendor/barryvdh/laravel-ide-helper/src/Generator.php(168): Barryvdh/LaravelIdeHelper/Alias->__construct(Object(Illuminate/Config/Repository), 'Socialite', '//Laravel//Social...', Array, Array)
#3 D:/mohmed mokhtar/ta-web/vendor/barryvdh/laravel-ide-helper/src/Generator.php(234): Barryvdh/LaravelIdeHelper/Generator->getValidAliases()
#4 D:/mohmed mokhtar/ta-web/vendor/barryvdh/laravel-ide-helper/src/Generator.php(81): Barryvdh/LaravelIdeHelper/Generator->getAliasesByExtendsNamespace()
#5 D:/mohmed mokhtar/ta-web/vendor/barryvdh/laravel-ide-helper/src/Console/GeneratorCommand.php(116): Barryvdh/LaravelIdeHelper/Generator->generate()
#6 D:/mohmed mokhtar/ta-web/vendor/laravel/framework/src/Illuminate/Container/BoundMethod.php(36): Barryvdh/LaravelIdeHelper/Console/GeneratorCommand->handle()
#7 D:/mohmed mokhtar/ta-web/vendor/laravel/framework/src/Illuminate/Container/Util.php(41): Illuminate/Container/BoundMethod::Illuminate/Container/{closure}()
#8 D:/mohmed mokhtar/ta-web/vendor/laravel/framework/src/Illuminate/Container/BoundMethod.php(93): Illuminate/Container/Util::unwrapIfClosure(Object(Closure))
#9 D:/mohmed mokhtar/ta-web/vendor/laravel/framework/src/Illuminate/Container/BoundMethod.php(35): Illuminate/Container/BoundMethod::callBoundMethod(Object(Illuminate/Foundation/Application), Array, Object(Closure))
#10 D:/mohmed mokhtar/ta-web/vendor/laravel/framework/src/Illuminate/Container/Container.php(662): Illuminate/Container/BoundMethod::call(Object(Illuminate/Foundation/Application), Array, Array, NULL)
#11 D:/mohmed mokhtar/ta-web/vendor/laravel/framework/src/Illuminate/Console/Command.php(211): Illuminate/Container/Container->call(Array)
#12 D:/mohmed mokhtar/ta-web/vendor/symfony/console/Command/Command.php(326): Illuminate/Console/Command->execute(Object(Symfony/Component/Console/Input/ArgvInput), Object(Illuminate/Console/OutputStyle))
#13 D:/mohmed mokhtar/ta-web/vendor/laravel/framework/src/Illuminate/Console/Command.php(180): Symfony/Component/Console/Command/Command->run(Object(Symfony/Component/Console/Input/ArgvInput), Object(Illuminate/Console/OutputStyle))
#14 D:/mohmed mokhtar/ta-web/vendor/symfony/console/Application.php(1106): Illuminate/Console/Command->run(Object(Symfony/Component/Console/Input/ArgvInput), Object(Symfony/Component/Console/Output/ConsoleOutput))
#15 D:/mohmed mokhtar/ta-web/vendor/symfony/console/Application.php(324): Symfony/Component/Console/Application->doRunCommand(Object(Barryvdh/LaravelIdeHelper/Console/GeneratorCommand), Object(Symfony/Component/Console/Input/ArgvInput), Object(Symfony/Component/Console/Output/ConsoleOutput))
#16 D:/mohmed mokhtar/ta-web/vendor/symfony/console/Application.php(175): Symfony/Component/Console/Application->doRun(Object(Symfony/Component/Console/Input/ArgvInput), Object(Symfony/Component/Console/Output/ConsoleOutput))
#17 D:/mohmed mokhtar/ta-web/vendor/laravel/framework/src/Illuminate/Foundation/Console/Kernel.php(201): Symfony/Component/Console/Application->run(Object(Symfony/Component/Console/Input/ArgvInput), Object(Symfony/Component/Console/Output/ConsoleOutput))
#18 D:/mohmed mokhtar/ta-web/artisan(35): Illuminate/Foundation/Console/Kernel->handle(Object(Symfony/Component/Console/Input/ArgvInput), Object(Symfony/Component/Console/Output/ConsoleOutput))
#19 {main}
"} 
[2026-01-11 20:09:52] local.ERROR: Too few arguments to function Laravel\Socialite\Socialite::fake(), 0 passed in D:\mohmed mokhtar\ta-web\vendor\barryvdh\laravel-ide-helper\src\Alias.php on line 221 and at least 1 expected {"exception":"[object] (ArgumentCountError(code: 0): Too few arguments to function Laravel\\Socialite\\Socialite::fake(), 0 passed in D:\\mohmed mokhtar\\ta-web\\vendor\\barryvdh\\laravel-ide-helper\\src\\Alias.php on line 221 and at least 1 expected at D:/mohmed mokhtar/ta-web/vendor/laravel/socialite/src/Socialite.php:39)
[stacktrace]
#0 D:/mohmed mokhtar/ta-web/vendor/barryvdh/laravel-ide-helper/src/Alias.php(221): Laravel/Socialite/Socialite::fake()
#1 D:/mohmed mokhtar/ta-web/vendor/barryvdh/laravel-ide-helper/src/Alias.php(77): Barryvdh/LaravelIdeHelper/Alias->detectFake()
#2 D:/mohmed mokhtar/ta-web/vendor/barryvdh/laravel-ide-helper/src/Generator.php(168): Barryvdh/LaravelIdeHelper/Alias->__construct(Object(Illuminate/Config/Repository), 'Socialite', '//Laravel//Social...', Array, Array)
#3 D:/mohmed mokhtar/ta-web/vendor/barryvdh/laravel-ide-helper/src/Generator.php(234): Barryvdh/LaravelIdeHelper/Generator->getValidAliases()
#4 D:/mohmed mokhtar/ta-web/vendor/barryvdh/laravel-ide-helper/src/Generator.php(81): Barryvdh/LaravelIdeHelper/Generator->getAliasesByExtendsNamespace()
#5 D:/mohmed mokhtar/ta-web/vendor/barryvdh/laravel-ide-helper/src/Console/GeneratorCommand.php(116): Barryvdh/LaravelIdeHelper/Generator->generate()
#6 D:/mohmed mokhtar/ta-web/vendor/laravel/framework/src/Illuminate/Container/BoundMethod.php(36): Barryvdh/LaravelIdeHelper/Console/GeneratorCommand->handle()
#7 D:/mohmed mokhtar/ta-web/vendor/laravel/framework/src/Illuminate/Container/Util.php(41): Illuminate/Container/BoundMethod::Illuminate/Container/{closure}()
#8 D:/mohmed mokhtar/ta-web/vendor/laravel/framework/src/Illuminate/Container/BoundMethod.php(93): Illuminate/Container/Util::unwrapIfClosure(Object(Closure))
#9 D:/mohmed mokhtar/ta-web/vendor/laravel/framework/src/Illuminate/Container/BoundMethod.php(35): Illuminate/Container/BoundMethod::callBoundMethod(Object(Illuminate/Foundation/Application), Array, Object(Closure))
#10 D:/mohmed mokhtar/ta-web/vendor/laravel/framework/src/Illuminate/Container/Container.php(662): Illuminate/Container/BoundMethod::call(Object(Illuminate/Foundation/Application), Array, Array, NULL)
#11 D:/mohmed mokhtar/ta-web/vendor/laravel/framework/src/Illuminate/Console/Command.php(211): Illuminate/Container/Container->call(Array)
#12 D:/mohmed mokhtar/ta-web/vendor/symfony/console/Command/Command.php(326): Illuminate/Console/Command->execute(Object(Symfony/Component/Console/Input/ArgvInput), Object(Illuminate/Console/OutputStyle))
#13 D:/mohmed mokhtar/ta-web/vendor/laravel/framework/src/Illuminate/Console/Command.php(180): Symfony/Component/Console/Command/Command->run(Object(Symfony/Component/Console/Input/ArgvInput), Object(Illuminate/Console/OutputStyle))
#14 D:/mohmed mokhtar/ta-web/vendor/symfony/console/Application.php(1106): Illuminate/Console/Command->run(Object(Symfony/Component/Console/Input/ArgvInput), Object(Symfony/Component/Console/Output/ConsoleOutput))
#15 D:/mohmed mokhtar/ta-web/vendor/symfony/console/Application.php(324): Symfony/Component/Console/Application->doRunCommand(Object(Barryvdh/LaravelIdeHelper/Console/GeneratorCommand), Object(Symfony/Component/Console/Input/ArgvInput), Object(Symfony/Component/Console/Output/ConsoleOutput))
#16 D:/mohmed mokhtar/ta-web/vendor/symfony/console/Application.php(175): Symfony/Component/Console/Application->doRun(Object(Symfony/Component/Console/Input/ArgvInput), Object(Symfony/Component/Console/Output/ConsoleOutput))
#17 D:/mohmed mokhtar/ta-web/vendor/laravel/framework/src/Illuminate/Foundation/Console/Kernel.php(201): Symfony/Component/Console/Application->run(Object(Symfony/Component/Console/Input/ArgvInput), Object(Symfony/Component/Console/Output/ConsoleOutput))
#18 D:/mohmed mokhtar/ta-web/artisan(35): Illuminate/Foundation/Console/Kernel->handle(Object(Symfony/Component/Console/Input/ArgvInput), Object(Symfony/Component/Console/Output/ConsoleOutput))
#19 {main}
"} 
[2026-01-11 20:11:47] local.ERROR: Too few arguments to function Laravel\Socialite\Socialite::fake(), 0 passed in D:\mohmed mokhtar\ta-web\vendor\barryvdh\laravel-ide-helper\src\Alias.php on line 221 and at least 1 expected {"exception":"[object] (ArgumentCountError(code: 0): Too few arguments to function Laravel\\Socialite\\Socialite::fake(), 0 passed in D:\\mohmed mokhtar\\ta-web\\vendor\\barryvdh\\laravel-ide-helper\\src\\Alias.php on line 221 and at least 1 expected at D:/mohmed mokhtar/ta-web/vendor/laravel/socialite/src/Socialite.php:39)
[stacktrace]
#0 D:/mohmed mokhtar/ta-web/vendor/barryvdh/laravel-ide-helper/src/Alias.php(221): Laravel/Socialite/Socialite::fake()
#1 D:/mohmed mokhtar/ta-web/vendor/barryvdh/laravel-ide-helper/src/Alias.php(77): Barryvdh/LaravelIdeHelper/Alias->detectFake()
#2 D:/mohmed mokhtar/ta-web/vendor/barryvdh/laravel-ide-helper/src/Generator.php(168): Barryvdh/LaravelIdeHelper/Alias->__construct(Object(Illuminate/Config/Repository), 'Socialite', '//Laravel//Social...', Array, Array)
#3 D:/mohmed mokhtar/ta-web/vendor/barryvdh/laravel-ide-helper/src/Generator.php(234): Barryvdh/LaravelIdeHelper/Generator->getValidAliases()
#4 D:/mohmed mokhtar/ta-web/vendor/barryvdh/laravel-ide-helper/src/Generator.php(81): Barryvdh/LaravelIdeHelper/Generator->getAliasesByExtendsNamespace()
#5 D:/mohmed mokhtar/ta-web/vendor/barryvdh/laravel-ide-helper/src/Console/GeneratorCommand.php(116): Barryvdh/LaravelIdeHelper/Generator->generate()
#6 D:/mohmed mokhtar/ta-web/vendor/laravel/framework/src/Illuminate/Container/BoundMethod.php(36): Barryvdh/LaravelIdeHelper/Console/GeneratorCommand->handle()
#7 D:/mohmed mokhtar/ta-web/vendor/laravel/framework/src/Illuminate/Container/Util.php(41): Illuminate/Container/BoundMethod::Illuminate/Container/{closure}()
#8 D:/mohmed mokhtar/ta-web/vendor/laravel/framework/src/Illuminate/Container/BoundMethod.php(93): Illuminate/Container/Util::unwrapIfClosure(Object(Closure))
#9 D:/mohmed mokhtar/ta-web/vendor/laravel/framework/src/Illuminate/Container/BoundMethod.php(35): Illuminate/Container/BoundMethod::callBoundMethod(Object(Illuminate/Foundation/Application), Array, Object(Closure))
#10 D:/mohmed mokhtar/ta-web/vendor/laravel/framework/src/Illuminate/Container/Container.php(662): Illuminate/Container/BoundMethod::call(Object(Illuminate/Foundation/Application), Array, Array, NULL)
#11 D:/mohmed mokhtar/ta-web/vendor/laravel/framework/src/Illuminate/Console/Command.php(211): Illuminate/Container/Container->call(Array)
#12 D:/mohmed mokhtar/ta-web/vendor/symfony/console/Command/Command.php(326): Illuminate/Console/Command->execute(Object(Symfony/Component/Console/Input/ArgvInput), Object(Illuminate/Console/OutputStyle))
#13 D:/mohmed mokhtar/ta-web/vendor/laravel/framework/src/Illuminate/Console/Command.php(180): Symfony/Component/Console/Command/Command->run(Object(Symfony/Component/Console/Input/ArgvInput), Object(Illuminate/Console/OutputStyle))
#14 D:/mohmed mokhtar/ta-web/vendor/symfony/console/Application.php(1106): Illuminate/Console/Command->run(Object(Symfony/Component/Console/Input/ArgvInput), Object(Symfony/Component/Console/Output/ConsoleOutput))
#15 D:/mohmed mokhtar/ta-web/vendor/symfony/console/Application.php(324): Symfony/Component/Console/Application->doRunCommand(Object(Barryvdh/LaravelIdeHelper/Console/GeneratorCommand), Object(Symfony/Component/Console/Input/ArgvInput), Object(Symfony/Component/Console/Output/ConsoleOutput))
#16 D:/mohmed mokhtar/ta-web/vendor/symfony/console/Application.php(175): Symfony/Component/Console/Application->doRun(Object(Symfony/Component/Console/Input/ArgvInput), Object(Symfony/Component/Console/Output/ConsoleOutput))
#17 D:/mohmed mokhtar/ta-web/vendor/laravel/framework/src/Illuminate/Foundation/Console/Kernel.php(201): Symfony/Component/Console/Application->run(Object(Symfony/Component/Console/Input/ArgvInput), Object(Symfony/Component/Console/Output/ConsoleOutput))
#18 D:/mohmed mokhtar/ta-web/artisan(35): Illuminate/Foundation/Console/Kernel->handle(Object(Symfony/Component/Console/Input/ArgvInput), Object(Symfony/Component/Console/Output/ConsoleOutput))
#19 {main}
"} 
[2026-01-11 20:36:25] local.ERROR: Too few arguments to function Laravel\Socialite\Socialite::fake(), 0 passed in D:\mohmed mokhtar\ta-web\vendor\barryvdh\laravel-ide-helper\src\Alias.php on line 221 and at least 1 expected {"exception":"[object] (ArgumentCountError(code: 0): Too few arguments to function Laravel\\Socialite\\Socialite::fake(), 0 passed in D:\\mohmed mokhtar\\ta-web\\vendor\\barryvdh\\laravel-ide-helper\\src\\Alias.php on line 221 and at least 1 expected at D:/mohmed mokhtar/ta-web/vendor/laravel/socialite/src/Socialite.php:39)
[stacktrace]
#0 D:/mohmed mokhtar/ta-web/vendor/barryvdh/laravel-ide-helper/src/Alias.php(221): Laravel/Socialite/Socialite::fake()
#1 D:/mohmed mokhtar/ta-web/vendor/barryvdh/laravel-ide-helper/src/Alias.php(77): Barryvdh/LaravelIdeHelper/Alias->detectFake()
#2 D:/mohmed mokhtar/ta-web/vendor/barryvdh/laravel-ide-helper/src/Generator.php(168): Barryvdh/LaravelIdeHelper/Alias->__construct(Object(Illuminate/Config/Repository), 'Socialite', '//Laravel//Social...', Array, Array)
#3 D:/mohmed mokhtar/ta-web/vendor/barryvdh/laravel-ide-helper/src/Generator.php(234): Barryvdh/LaravelIdeHelper/Generator->getValidAliases()
#4 D:/mohmed mokhtar/ta-web/vendor/barryvdh/laravel-ide-helper/src/Generator.php(81): Barryvdh/LaravelIdeHelper/Generator->getAliasesByExtendsNamespace()
#5 D:/mohmed mokhtar/ta-web/vendor/barryvdh/laravel-ide-helper/src/Console/GeneratorCommand.php(116): Barryvdh/LaravelIdeHelper/Generator->generate()
#6 D:/mohmed mokhtar/ta-web/vendor/laravel/framework/src/Illuminate/Container/BoundMethod.php(36): Barryvdh/LaravelIdeHelper/Console/GeneratorCommand->handle()
#7 D:/mohmed mokhtar/ta-web/vendor/laravel/framework/src/Illuminate/Container/Util.php(41): Illuminate/Container/BoundMethod::Illuminate/Container/{closure}()
#8 D:/mohmed mokhtar/ta-web/vendor/laravel/framework/src/Illuminate/Container/BoundMethod.php(93): Illuminate/Container/Util::unwrapIfClosure(Object(Closure))
#9 D:/mohmed mokhtar/ta-web/vendor/laravel/framework/src/Illuminate/Container/BoundMethod.php(35): Illuminate/Container/BoundMethod::callBoundMethod(Object(Illuminate/Foundation/Application), Array, Object(Closure))
#10 D:/mohmed mokhtar/ta-web/vendor/laravel/framework/src/Illuminate/Container/Container.php(662): Illuminate/Container/BoundMethod::call(Object(Illuminate/Foundation/Application), Array, Array, NULL)
#11 D:/mohmed mokhtar/ta-web/vendor/laravel/framework/src/Illuminate/Console/Command.php(211): Illuminate/Container/Container->call(Array)
#12 D:/mohmed mokhtar/ta-web/vendor/symfony/console/Command/Command.php(326): Illuminate/Console/Command->execute(Object(Symfony/Component/Console/Input/ArgvInput), Object(Illuminate/Console/OutputStyle))
#13 D:/mohmed mokhtar/ta-web/vendor/laravel/framework/src/Illuminate/Console/Command.php(180): Symfony/Component/Console/Command/Command->run(Object(Symfony/Component/Console/Input/ArgvInput), Object(Illuminate/Console/OutputStyle))
#14 D:/mohmed mokhtar/ta-web/vendor/symfony/console/Application.php(1106): Illuminate/Console/Command->run(Object(Symfony/Component/Console/Input/ArgvInput), Object(Symfony/Component/Console/Output/ConsoleOutput))
#15 D:/mohmed mokhtar/ta-web/vendor/symfony/console/Application.php(324): Symfony/Component/Console/Application->doRunCommand(Object(Barryvdh/LaravelIdeHelper/Console/GeneratorCommand), Object(Symfony/Component/Console/Input/ArgvInput), Object(Symfony/Component/Console/Output/ConsoleOutput))
#16 D:/mohmed mokhtar/ta-web/vendor/symfony/console/Application.php(175): Symfony/Component/Console/Application->doRun(Object(Symfony/Component/Console/Input/ArgvInput), Object(Symfony/Component/Console/Output/ConsoleOutput))
#17 D:/mohmed mokhtar/ta-web/vendor/laravel/framework/src/Illuminate/Foundation/Console/Kernel.php(201): Symfony/Component/Console/Application->run(Object(Symfony/Component/Console/Input/ArgvInput), Object(Symfony/Component/Console/Output/ConsoleOutput))
#18 D:/mohmed mokhtar/ta-web/artisan(35): Illuminate/Foundation/Console/Kernel->handle(Object(Symfony/Component/Console/Input/ArgvInput), Object(Symfony/Component/Console/Output/ConsoleOutput))
#19 {main}
"} 
[2026-01-11 20:58:24] local.ERROR: Cannot declare class App\Models\FrequentlyBoughtProduct, because the name is already in use {"exception":"[object] (Symfony\\Component\\ErrorHandler\\Error\\FatalError(code: 0): Cannot declare class App\\Models\\FrequentlyBoughtProduct, because the name is already in use at D:/mohmed mokhtar/ta-web/app/Models/FrequentlyBroughtProduct.php:9)
[stacktrace]
#0 {main}
"} 
[2026-01-11 20:58:51] local.ERROR: Class "App\Http\Controllers\MyFatoorahController" does not exist {"exception":"[object] (ReflectionException(code: -1): Class \"App\\Http\\Controllers\\MyFatoorahController\" does not exist at D:/mohmed mokhtar/ta-web/vendor/laravel/framework/src/Illuminate/Foundation/Console/RouteListCommand.php:225)
[stacktrace]
#0 D:/mohmed mokhtar/ta-web/vendor/laravel/framework/src/Illuminate/Foundation/Console/RouteListCommand.php(225): ReflectionClass->__construct('App//Http//Contro...')
#1 D:/mohmed mokhtar/ta-web/vendor/laravel/framework/src/Illuminate/Foundation/Console/RouteListCommand.php(147): Illuminate/Foundation/Console/RouteListCommand->isVendorRoute(Object(Illuminate/Routing/Route))
#2 D:/mohmed mokhtar/ta-web/vendor/laravel/framework/src/Illuminate/Foundation/Console/RouteListCommand.php(116): Illuminate/Foundation/Console/RouteListCommand->getRouteInformation(Object(Illuminate/Routing/Route))
#3 [internal function]: Illuminate/Foundation/Console/RouteListCommand->Illuminate/Foundation/Console/{closure}(Object(Illuminate/Routing/Route), 0)
#4 D:/mohmed mokhtar/ta-web/vendor/laravel/framework/src/Illuminate/Collections/Arr.php(600): array_map(Object(Closure), Array, Array)
#5 D:/mohmed mokhtar/ta-web/vendor/laravel/framework/src/Illuminate/Collections/Collection.php(778): Illuminate/Support/Arr::map(Array, Object(Closure))
#6 D:/mohmed mokhtar/ta-web/vendor/laravel/framework/src/Illuminate/Foundation/Console/RouteListCommand.php(115): Illuminate/Support/Collection->map(Object(Closure))
#7 D:/mohmed mokhtar/ta-web/vendor/laravel/framework/src/Illuminate/Foundation/Console/RouteListCommand.php(101): Illuminate/Foundation/Console/RouteListCommand->getRoutes()
#8 D:/mohmed mokhtar/ta-web/vendor/laravel/framework/src/Illuminate/Container/BoundMethod.php(36): Illuminate/Foundation/Console/RouteListCommand->handle()
#9 D:/mohmed mokhtar/ta-web/vendor/laravel/framework/src/Illuminate/Container/Util.php(41): Illuminate/Container/BoundMethod::Illuminate/Container/{closure}()
#10 D:/mohmed mokhtar/ta-web/vendor/laravel/framework/src/Illuminate/Container/BoundMethod.php(93): Illuminate/Container/Util::unwrapIfClosure(Object(Closure))
#11 D:/mohmed mokhtar/ta-web/vendor/laravel/framework/src/Illuminate/Container/BoundMethod.php(35): Illuminate/Container/BoundMethod::callBoundMethod(Object(Illuminate/Foundation/Application), Array, Object(Closure))
#12 D:/mohmed mokhtar/ta-web/vendor/laravel/framework/src/Illuminate/Container/Container.php(662): Illuminate/Container/BoundMethod::call(Object(Illuminate/Foundation/Application), Array, Array, NULL)
#13 D:/mohmed mokhtar/ta-web/vendor/laravel/framework/src/Illuminate/Console/Command.php(211): Illuminate/Container/Container->call(Array)
#14 D:/mohmed mokhtar/ta-web/vendor/symfony/console/Command/Command.php(326): Illuminate/Console/Command->execute(Object(Symfony/Component/Console/Input/ArgvInput), Object(Illuminate/Console/OutputStyle))
#15 D:/mohmed mokhtar/ta-web/vendor/laravel/framework/src/Illuminate/Console/Command.php(180): Symfony/Component/Console/Command/Command->run(Object(Symfony/Component/Console/Input/ArgvInput), Object(Illuminate/Console/OutputStyle))
#16 D:/mohmed mokhtar/ta-web/vendor/symfony/console/Application.php(1106): Illuminate/Console/Command->run(Object(Symfony/Component/Console/Input/ArgvInput), Object(Symfony/Component/Console/Output/ConsoleOutput))
#17 D:/mohmed mokhtar/ta-web/vendor/symfony/console/Application.php(324): Symfony/Component/Console/Application->doRunCommand(Object(Illuminate/Foundation/Console/RouteListCommand), Object(Symfony/Component/Console/Input/ArgvInput), Object(Symfony/Component/Console/Output/ConsoleOutput))
#18 D:/mohmed mokhtar/ta-web/vendor/symfony/console/Application.php(175): Symfony/Component/Console/Application->doRun(Object(Symfony/Component/Console/Input/ArgvInput), Object(Symfony/Component/Console/Output/ConsoleOutput))
#19 D:/mohmed mokhtar/ta-web/vendor/laravel/framework/src/Illuminate/Foundation/Console/Kernel.php(201): Symfony/Component/Console/Application->run(Object(Symfony/Component/Console/Input/ArgvInput), Object(Symfony/Component/Console/Output/ConsoleOutput))
#20 D:/mohmed mokhtar/ta-web/artisan(35): Illuminate/Foundation/Console/Kernel->handle(Object(Symfony/Component/Console/Input/ArgvInput), Object(Symfony/Component/Console/Output/ConsoleOutput))
#21 {main}
"} 
[2026-01-11 23:14:21] local.ERROR: The "--columns" option does not exist. {"exception":"[object] (Symfony\\Component\\Console\\Exception\\RuntimeException(code: 0): The \"--columns\" option does not exist. at D:/mohmed mokhtar/ta-web/vendor/symfony/console/Input/ArgvInput.php:223)
[stacktrace]
#0 D:/mohmed mokhtar/ta-web/vendor/symfony/console/Input/ArgvInput.php(150): Symfony/Component/Console/Input/ArgvInput->addLongOption('columns', 'uri,name,action...')
#1 D:/mohmed mokhtar/ta-web/vendor/symfony/console/Input/ArgvInput.php(85): Symfony/Component/Console/Input/ArgvInput->parseLongOption('--columns=uri,n...')
#2 D:/mohmed mokhtar/ta-web/vendor/symfony/console/Input/ArgvInput.php(74): Symfony/Component/Console/Input/ArgvInput->parseToken('--columns=uri,n...', true)
#3 D:/mohmed mokhtar/ta-web/vendor/symfony/console/Input/Input.php(56): Symfony/Component/Console/Input/ArgvInput->parse()
#4 D:/mohmed mokhtar/ta-web/vendor/symfony/console/Command/Command.php(285): Symfony/Component/Console/Input/Input->bind(Object(Symfony/Component/Console/Input/InputDefinition))
#5 D:/mohmed mokhtar/ta-web/vendor/laravel/framework/src/Illuminate/Console/Command.php(180): Symfony/Component/Console/Command/Command->run(Object(Symfony/Component/Console/Input/ArgvInput), Object(Illuminate/Console/OutputStyle))
#6 D:/mohmed mokhtar/ta-web/vendor/symfony/console/Application.php(1106): Illuminate/Console/Command->run(Object(Symfony/Component/Console/Input/ArgvInput), Object(Symfony/Component/Console/Output/ConsoleOutput))
#7 D:/mohmed mokhtar/ta-web/vendor/symfony/console/Application.php(324): Symfony/Component/Console/Application->doRunCommand(Object(Illuminate/Foundation/Console/RouteListCommand), Object(Symfony/Component/Console/Input/ArgvInput), Object(Symfony/Component/Console/Output/ConsoleOutput))
#8 D:/mohmed mokhtar/ta-web/vendor/symfony/console/Application.php(175): Symfony/Component/Console/Application->doRun(Object(Symfony/Component/Console/Input/ArgvInput), Object(Symfony/Component/Console/Output/ConsoleOutput))
#9 D:/mohmed mokhtar/ta-web/vendor/laravel/framework/src/Illuminate/Foundation/Console/Kernel.php(201): Symfony/Component/Console/Application->run(Object(Symfony/Component/Console/Input/ArgvInput), Object(Symfony/Component/Console/Output/ConsoleOutput))
#10 D:/mohmed mokhtar/ta-web/artisan(35): Illuminate/Foundation/Console/Kernel->handle(Object(Symfony/Component/Console/Input/ArgvInput), Object(Symfony/Component/Console/Output/ConsoleOutput))
#11 {main}
"} 
[2026-01-11 23:14:21] local.ERROR: Class "App\Http\Controllers\MyFatoorahController" does not exist {"exception":"[object] (ReflectionException(code: -1): Class \"App\\Http\\Controllers\\MyFatoorahController\" does not exist at D:/mohmed mokhtar/ta-web/vendor/laravel/framework/src/Illuminate/Foundation/Console/RouteListCommand.php:225)
[stacktrace]
#0 D:/mohmed mokhtar/ta-web/vendor/laravel/framework/src/Illuminate/Foundation/Console/RouteListCommand.php(225): ReflectionClass->__construct('App//Http//Contro...')
#1 D:/mohmed mokhtar/ta-web/vendor/laravel/framework/src/Illuminate/Foundation/Console/RouteListCommand.php(147): Illuminate/Foundation/Console/RouteListCommand->isVendorRoute(Object(Illuminate/Routing/Route))
#2 D:/mohmed mokhtar/ta-web/vendor/laravel/framework/src/Illuminate/Foundation/Console/RouteListCommand.php(116): Illuminate/Foundation/Console/RouteListCommand->getRouteInformation(Object(Illuminate/Routing/Route))
#3 [internal function]: Illuminate/Foundation/Console/RouteListCommand->Illuminate/Foundation/Console/{closure}(Object(Illuminate/Routing/Route), 0)
#4 D:/mohmed mokhtar/ta-web/vendor/laravel/framework/src/Illuminate/Collections/Arr.php(600): array_map(Object(Closure), Array, Array)
#5 D:/mohmed mokhtar/ta-web/vendor/laravel/framework/src/Illuminate/Collections/Collection.php(778): Illuminate/Support/Arr::map(Array, Object(Closure))
#6 D:/mohmed mokhtar/ta-web/vendor/laravel/framework/src/Illuminate/Foundation/Console/RouteListCommand.php(115): Illuminate/Support/Collection->map(Object(Closure))
#7 D:/mohmed mokhtar/ta-web/vendor/laravel/framework/src/Illuminate/Foundation/Console/RouteListCommand.php(101): Illuminate/Foundation/Console/RouteListCommand->getRoutes()
#8 D:/mohmed mokhtar/ta-web/vendor/laravel/framework/src/Illuminate/Container/BoundMethod.php(36): Illuminate/Foundation/Console/RouteListCommand->handle()
#9 D:/mohmed mokhtar/ta-web/vendor/laravel/framework/src/Illuminate/Container/Util.php(41): Illuminate/Container/BoundMethod::Illuminate/Container/{closure}()
#10 D:/mohmed mokhtar/ta-web/vendor/laravel/framework/src/Illuminate/Container/BoundMethod.php(93): Illuminate/Container/Util::unwrapIfClosure(Object(Closure))
#11 D:/mohmed mokhtar/ta-web/vendor/laravel/framework/src/Illuminate/Container/BoundMethod.php(35): Illuminate/Container/BoundMethod::callBoundMethod(Object(Illuminate/Foundation/Application), Array, Object(Closure))
#12 D:/mohmed mokhtar/ta-web/vendor/laravel/framework/src/Illuminate/Container/Container.php(662): Illuminate/Container/BoundMethod::call(Object(Illuminate/Foundation/Application), Array, Array, NULL)
#13 D:/mohmed mokhtar/ta-web/vendor/laravel/framework/src/Illuminate/Console/Command.php(211): Illuminate/Container/Container->call(Array)
#14 D:/mohmed mokhtar/ta-web/vendor/symfony/console/Command/Command.php(326): Illuminate/Console/Command->execute(Object(Symfony/Component/Console/Input/ArgvInput), Object(Illuminate/Console/OutputStyle))
#15 D:/mohmed mokhtar/ta-web/vendor/laravel/framework/src/Illuminate/Console/Command.php(180): Symfony/Component/Console/Command/Command->run(Object(Symfony/Component/Console/Input/ArgvInput), Object(Illuminate/Console/OutputStyle))
#16 D:/mohmed mokhtar/ta-web/vendor/symfony/console/Application.php(1106): Illuminate/Console/Command->run(Object(Symfony/Component/Console/Input/ArgvInput), Object(Symfony/Component/Console/Output/ConsoleOutput))
#17 D:/mohmed mokhtar/ta-web/vendor/symfony/console/Application.php(324): Symfony/Component/Console/Application->doRunCommand(Object(Illuminate/Foundation/Console/RouteListCommand), Object(Symfony/Component/Console/Input/ArgvInput), Object(Symfony/Component/Console/Output/ConsoleOutput))
#18 D:/mohmed mokhtar/ta-web/vendor/symfony/console/Application.php(175): Symfony/Component/Console/Application->doRun(Object(Symfony/Component/Console/Input/ArgvInput), Object(Symfony/Component/Console/Output/ConsoleOutput))
#19 D:/mohmed mokhtar/ta-web/vendor/laravel/framework/src/Illuminate/Foundation/Console/Kernel.php(201): Symfony/Component/Console/Application->run(Object(Symfony/Component/Console/Input/ArgvInput), Object(Symfony/Component/Console/Output/ConsoleOutput))
#20 D:/mohmed mokhtar/ta-web/artisan(35): Illuminate/Foundation/Console/Kernel->handle(Object(Symfony/Component/Console/Input/ArgvInput), Object(Symfony/Component/Console/Output/ConsoleOutput))
#21 {main}
"} 
[2026-01-11 23:14:23] local.ERROR: Cannot declare class App\Models\FrequentlyBoughtProduct, because the name is already in use {"exception":"[object] (Symfony\\Component\\ErrorHandler\\Error\\FatalError(code: 0): Cannot declare class App\\Models\\FrequentlyBoughtProduct, because the name is already in use at D:/mohmed mokhtar/ta-web/app/Models/FrequentlyBroughtProduct.php:9)
[stacktrace]
#0 {main}
"} 
[2026-01-11 23:14:57] local.ERROR: The "--columns" option does not exist. {"exception":"[object] (Symfony\\Component\\Console\\Exception\\RuntimeException(code: 0): The \"--columns\" option does not exist. at D:/mohmed mokhtar/ta-web/vendor/symfony/console/Input/ArgvInput.php:223)
[stacktrace]
#0 D:/mohmed mokhtar/ta-web/vendor/symfony/console/Input/ArgvInput.php(150): Symfony/Component/Console/Input/ArgvInput->addLongOption('columns', 'uri,name,action...')
#1 D:/mohmed mokhtar/ta-web/vendor/symfony/console/Input/ArgvInput.php(85): Symfony/Component/Console/Input/ArgvInput->parseLongOption('--columns=uri,n...')
#2 D:/mohmed mokhtar/ta-web/vendor/symfony/console/Input/ArgvInput.php(74): Symfony/Component/Console/Input/ArgvInput->parseToken('--columns=uri,n...', true)
#3 D:/mohmed mokhtar/ta-web/vendor/symfony/console/Input/Input.php(56): Symfony/Component/Console/Input/ArgvInput->parse()
#4 D:/mohmed mokhtar/ta-web/vendor/symfony/console/Command/Command.php(285): Symfony/Component/Console/Input/Input->bind(Object(Symfony/Component/Console/Input/InputDefinition))
#5 D:/mohmed mokhtar/ta-web/vendor/laravel/framework/src/Illuminate/Console/Command.php(180): Symfony/Component/Console/Command/Command->run(Object(Symfony/Component/Console/Input/ArgvInput), Object(Illuminate/Console/OutputStyle))
#6 D:/mohmed mokhtar/ta-web/vendor/symfony/console/Application.php(1106): Illuminate/Console/Command->run(Object(Symfony/Component/Console/Input/ArgvInput), Object(Symfony/Component/Console/Output/ConsoleOutput))
#7 D:/mohmed mokhtar/ta-web/vendor/symfony/console/Application.php(324): Symfony/Component/Console/Application->doRunCommand(Object(Illuminate/Foundation/Console/RouteListCommand), Object(Symfony/Component/Console/Input/ArgvInput), Object(Symfony/Component/Console/Output/ConsoleOutput))
#8 D:/mohmed mokhtar/ta-web/vendor/symfony/console/Application.php(175): Symfony/Component/Console/Application->doRun(Object(Symfony/Component/Console/Input/ArgvInput), Object(Symfony/Component/Console/Output/ConsoleOutput))
#9 D:/mohmed mokhtar/ta-web/vendor/laravel/framework/src/Illuminate/Foundation/Console/Kernel.php(201): Symfony/Component/Console/Application->run(Object(Symfony/Component/Console/Input/ArgvInput), Object(Symfony/Component/Console/Output/ConsoleOutput))
#10 D:/mohmed mokhtar/ta-web/artisan(35): Illuminate/Foundation/Console/Kernel->handle(Object(Symfony/Component/Console/Input/ArgvInput), Object(Symfony/Component/Console/Output/ConsoleOutput))
#11 {main}
"} 
